<?xml version="1.0" encoding="UTF-8"?>
<!-- Generated by org.testng.reporters.JUnitXMLReporter -->
<testsuite ignored="0" hostname="DESKTOP-DDMG9N7" failures="0" tests="4" name="TestEdge" time="105.556" errors="0" timestamp="2025-02-21T11:06:06 IST">
  <testcase classname="testNGCrossBrowser.Flipkart" name="LaunchFlipkart" time="75.046"/>
  <testcase classname="testNGCrossBrowser.Swiggy" name="LaunchSwiggy" time="11.401"/>
  <testcase classname="testNGCrossBrowser.Zomato" name="LaunchZomato" time="9.363"/>
  <testcase classname="testNGCrossBrowser.FaceBook" name="LaunchFB" time="9.64"/>
</testsuite> <!-- TestEdge -->
