<?xml version="1.0" encoding="UTF-8"?>
<!-- Generated by org.testng.reporters.JUnitXMLReporter -->
<testsuite ignored="0" hostname="DESKTOP-DDMG9N7" failures="0" tests="4" name="TestChrome" time="24.818" errors="0" timestamp="2025-02-21T11:04:46 IST">
  <testcase classname="testNGCrossBrowser.Flipkart" name="LaunchFlipkart" time="5.261"/>
  <testcase classname="testNGCrossBrowser.Swiggy" name="LaunchSwiggy" time="4.939"/>
  <testcase classname="testNGCrossBrowser.Zomato" name="LaunchZomato" time="5.558"/>
  <testcase classname="testNGCrossBrowser.FaceBook" name="LaunchFB" time="8.967"/>
</testsuite> <!-- TestChrome -->
